#
# There is insufficient memory for the Java Runtime Environment to continue.
# Native memory allocation (malloc) failed to allocate 32784 bytes for Chunk::new
# Possible reasons:
#   The system is out of physical RAM or swap space
#   The process is running with CompressedOops enabled, and the Java Heap may be blocking the growth of the native heap
# Possible solutions:
#   Reduce memory load on the system
#   Increase physical memory or swap space
#   Check if swap backing store is full
#   Decrease Java heap size (-Xmx/-Xms)
#   Decrease number of Java threads
#   Decrease Java thread stack sizes (-Xss)
#   Set larger code cache with -XX:ReservedCodeCacheSize=
#   JVM is running with Unscaled Compressed Oops mode in which the Java heap is
#     placed in the first 4GB address space. The Java Heap base address is the
#     maximum limit for the native heap growth. Please use -XX:HeapBaseMinAddress
#     to set the Java Heap base and to place the Java Heap above 4GB virtual address.
# This output file may be truncated or incomplete.
#
#  Out of Memory Error (allocation.cpp:389), pid=10848, tid=0x0000000000003090
#
# JRE version: Java(TM) SE Runtime Environment (8.0_211-b12) (build 1.8.0_211-b12)
# Java VM: Java HotSpot(TM) 64-Bit Server VM (25.211-b12 mixed mode windows-amd64 compressed oops)
# Failed to write core dump. Minidumps are not enabled by default on client versions of Windows
#

---------------  T H R E A D  ---------------

Current thread (0x00000000149b3000):  JavaThread "C2 CompilerThread0" daemon [_thread_in_native, id=12432, stack(0x0000000016340000,0x0000000016440000)]

Stack: [0x0000000016340000,0x0000000016440000]
[error occurred during error reporting (printing stack bounds), id 0xc0000005]

Native frames: (J=compiled Java code, j=interpreted, Vv=VM code, C=native code)


Current CompileTask:
C2:  73517 2510   !   4       java.util.zip.ZipFile::getInputStream (304 bytes)


---------------  P R O C E S S  ---------------

Java Threads: ( => current thread )
  0x000000001722b800 JavaThread "Cache worker for execution history cache (C:\Users\user\.gradle\caches\5.4.1\executionHistory)" [_thread_blocked, id=3004, stack(0x000000001e680000,0x000000001e780000)]
  0x000000001722b000 JavaThread "Cache worker for cache directory md-rule (C:\Users\user\.gradle\caches\5.4.1\md-rule)" [_thread_blocked, id=14936, stack(0x000000001e380000,0x000000001e480000)]
  0x0000000017229800 JavaThread "Cache worker for cache directory md-supplier (C:\Users\user\.gradle\caches\5.4.1\md-supplier)" [_thread_blocked, id=15856, stack(0x000000001e280000,0x000000001e380000)]
  0x000000001722c800 JavaThread "Cache worker for file hash cache (C:\Sns-timeline\timeline\.gradle\5.4.1\fileHashes)" [_thread_blocked, id=3520, stack(0x000000001c650000,0x000000001c750000)]
  0x0000000017225800 JavaThread "Cache worker for journal cache (C:\Users\user\.gradle\caches\journal-1)" [_thread_blocked, id=16064, stack(0x00000000193e0000,0x00000000194e0000)]
  0x0000000017228000 JavaThread "File lock request listener" [_thread_in_native, id=19440, stack(0x0000000018fe0000,0x00000000190e0000)]
  0x0000000017226800 JavaThread "Cache worker for file hash cache (C:\Users\user\.gradle\caches\5.4.1\fileHashes)" [_thread_blocked, id=10892, stack(0x0000000018ee0000,0x0000000018fe0000)]
  0x0000000017441000 JavaThread "Thread-9" [_thread_blocked, id=14592, stack(0x0000000018de0000,0x0000000018ee0000)]
  0x000000001743e000 JavaThread "Stdin handler" [_thread_blocked, id=988, stack(0x0000000018ce0000,0x0000000018de0000)]
  0x000000001743c800 JavaThread "Asynchronous log dispatcher for DefaultDaemonConnection: socket connection from /127.0.0.1:65154 to /127.0.0.1:65155" [_thread_blocked, id=14036, stack(0x0000000018be0000,0x0000000018ce0000)]
  0x0000000017442000 JavaThread "Daemon worker" [_thread_in_vm, id=1048, stack(0x0000000018ae0000,0x0000000018be0000)]
  0x0000000017438800 JavaThread "Cancel handler" [_thread_blocked, id=1000, stack(0x00000000189e0000,0x0000000018ae0000)]
  0x00000000177a8000 JavaThread "Handler for socket connection from /127.0.0.1:65154 to /127.0.0.1:65155" [_thread_in_native, id=1584, stack(0x00000000186e0000,0x00000000187e0000)]
  0x00000000177a5000 JavaThread "Daemon" [_thread_blocked, id=15164, stack(0x00000000185e0000,0x00000000186e0000)]
  0x0000000017733000 JavaThread "Daemon periodic checks" [_thread_blocked, id=11440, stack(0x00000000184e0000,0x00000000185e0000)]
  0x0000000016d73000 JavaThread "Incoming local TCP Connector on port 65154" [_thread_in_native, id=8096, stack(0x0000000018310000,0x0000000018410000)]
  0x0000000017398800 JavaThread "Daemon health stats" [_thread_blocked, id=13616, stack(0x0000000018010000,0x0000000018110000)]
  0x0000000015da2800 JavaThread "Service Thread" daemon [_thread_blocked, id=13712, stack(0x0000000016640000,0x0000000016740000)]
  0x0000000015d9b800 JavaThread "C1 CompilerThread2" daemon [_thread_blocked, id=18040, stack(0x0000000016540000,0x0000000016640000)]
  0x00000000149bc800 JavaThread "C2 CompilerThread1" daemon [_thread_in_native, id=12560, stack(0x0000000016440000,0x0000000016540000)]
=>0x00000000149b3000 JavaThread "C2 CompilerThread0" daemon [_thread_in_native, id=12432, stack(0x0000000016340000,0x0000000016440000)]
  0x00000000149b1800 JavaThread "Attach Listener" daemon [_thread_blocked, id=9360, stack(0x0000000016240000,0x0000000016340000)]
  0x000000001496d800 JavaThread "Signal Dispatcher" daemon [_thread_blocked, id=17604, stack(0x0000000016140000,0x0000000016240000)]
  0x00000000035e5000 JavaThread "Finalizer" daemon [_thread_blocked, id=12868, stack(0x0000000015bb0000,0x0000000015cb0000)]
  0x00000000035e1800 JavaThread "Reference Handler" daemon [_thread_blocked, id=17876, stack(0x0000000015ab0000,0x0000000015bb0000)]
  0x00000000016ce000 JavaThread "main" [_thread_blocked, id=10748, stack(0x00000000033f0000,0x00000000034f0000)]

Other Threads:
  0x0000000014927800 VMThread [stack: 0x00000000159b0000,0x0000000015ab0000] [id=9956]
  0x0000000015dbf000 WatcherThread [stack: 0x0000000016740000,0x0000000016840000] [id=13704]

VM state:not at safepoint (normal execution)

VM Mutex/Monitor currently owned by a thread: None

heap address: 0x00000000e0000000, size: 512 MB, Compressed Oops mode: 32-bit
Narrow klass base: 0x0000000000000000, Narrow klass shift: 3
Compressed class space size: 1073741824 Address: 0x0000000100000000

Heap:
 PSYoungGen      total 76288K, used 51344K [0x00000000f5580000, 0x00000000fcc80000, 0x0000000100000000)
  eden space 65536K, 67% used [0x00000000f5580000,0x00000000f8098e18,0x00000000f9580000)
  from space 10752K, 67% used [0x00000000fa000000,0x00000000fa70b408,0x00000000faa80000)
  to   space 10752K, 0% used [0x00000000f9580000,0x00000000f9580000,0x00000000fa000000)
 ParOldGen       total 175104K, used 11163K [0x00000000e0000000, 0x00000000eab00000, 0x00000000f5580000)
  object space 175104K, 6% used [0x00000000e0000000,0x00000000e0ae6d20,0x00000000eab00000)
 Metaspace       used 30712K, capacity 31238K, committed 31616K, reserved 1077248K
  class space    used 4302K, capacity 4477K, committed 4480K, reserved 1048576K

Card table byte_map: [0x00000000129b0000,0x0000000012ac0000] byte_map_base: 0x00000000122b0000

Marking Bits: (ParMarkBitMap*) 0x000000005d115ce0
 Begin Bits: [0x0000000012ec0000, 0x00000000136c0000)
 End Bits:   [0x00000000136c0000, 0x0000000013ec0000)

Polling page: 0x0000000001660000

CodeCache: size=245760Kb used=9144Kb max_used=9144Kb free=236615Kb
 bounds [0x00000000035f0000, 0x0000000003ef0000, 0x00000000125f0000]
 total_blobs=3014 nmethods=2333 adapters=593
 compilation: enabled

Compilation events (10 events):
Event: 73.464 Thread 0x0000000015d9b800 nmethod 2506 0x0000000003ed8390 code [0x0000000003ed84e0, 0x0000000003ed8690]
Event: 73.464 Thread 0x0000000015d9b800 2507       3       org.gradle.internal.instantiation.AbstractClassGenerator$DslMixInPropertyType::visitProperty (38 bytes)
Event: 73.465 Thread 0x0000000015d9b800 nmethod 2507 0x0000000003ee1a90 code [0x0000000003ee1c80, 0x0000000003ee26e8]
Event: 73.465 Thread 0x0000000015d9b800 2508       3       org.gradle.internal.instantiation.AbstractClassGenerator$PropertyTypePropertyHandler::visitProperty (27 bytes)
Event: 73.466 Thread 0x0000000015d9b800 nmethod 2508 0x0000000003ee1350 code [0x0000000003ee14e0, 0x0000000003ee1898]
Event: 73.466 Thread 0x0000000015d9b800 2509       3       org.gradle.internal.instantiation.AbstractClassGenerator$MethodMetadata::isAbstract (11 bytes)
Event: 73.466 Thread 0x0000000015d9b800 nmethod 2509 0x0000000003ee3f90 code [0x0000000003ee4100, 0x0000000003ee43b0]
Event: 73.469 Thread 0x00000000149b3000 2510   !   4       java.util.zip.ZipFile::getInputStream (304 bytes)
Event: 73.477 Thread 0x0000000015d9b800 2512       3       org.objectweb.asm.Label::put (83 bytes)
Event: 73.478 Thread 0x0000000015d9b800 nmethod 2512 0x0000000003ee4490 code [0x0000000003ee4660, 0x0000000003ee4a58]

GC Heap History (10 events):
Event: 33.330 GC heap before
{Heap before GC invocations=1 (full 0):
 PSYoungGen      total 76288K, used 65536K [0x00000000f5580000, 0x00000000faa80000, 0x0000000100000000)
  eden space 65536K, 100% used [0x00000000f5580000,0x00000000f9580000,0x00000000f9580000)
  from space 10752K, 0% used [0x00000000fa000000,0x00000000fa000000,0x00000000faa80000)
  to   space 10752K, 0% used [0x00000000f9580000,0x00000000f9580000,0x00000000fa000000)
 ParOldGen       total 175104K, used 0K [0x00000000e0000000, 0x00000000eab00000, 0x00000000f5580000)
  object space 175104K, 0% used [0x00000000e0000000,0x00000000e0000000,0x00000000eab00000)
 Metaspace       used 8586K, capacity 8910K, committed 9216K, reserved 1056768K
  class space    used 1129K, capacity 1209K, committed 1280K, reserved 1048576K
Event: 33.393 GC heap after
Heap after GC invocations=1 (full 0):
 PSYoungGen      total 76288K, used 6836K [0x00000000f5580000, 0x00000000faa80000, 0x0000000100000000)
  eden space 65536K, 0% used [0x00000000f5580000,0x00000000f5580000,0x00000000f9580000)
  from space 10752K, 63% used [0x00000000f9580000,0x00000000f9c2d270,0x00000000fa000000)
  to   space 10752K, 0% used [0x00000000fa000000,0x00000000fa000000,0x00000000faa80000)
 ParOldGen       total 175104K, used 8K [0x00000000e0000000, 0x00000000eab00000, 0x00000000f5580000)
  object space 175104K, 0% used [0x00000000e0000000,0x00000000e0002000,0x00000000eab00000)
 Metaspace       used 8586K, capacity 8910K, committed 9216K, reserved 1056768K
  class space    used 1129K, capacity 1209K, committed 1280K, reserved 1048576K
}
Event: 51.187 GC heap before
{Heap before GC invocations=2 (full 0):
 PSYoungGen      total 76288K, used 72372K [0x00000000f5580000, 0x00000000faa80000, 0x0000000100000000)
  eden space 65536K, 100% used [0x00000000f5580000,0x00000000f9580000,0x00000000f9580000)
  from space 10752K, 63% used [0x00000000f9580000,0x00000000f9c2d270,0x00000000fa000000)
  to   space 10752K, 0% used [0x00000000fa000000,0x00000000fa000000,0x00000000faa80000)
 ParOldGen       total 175104K, used 8K [0x00000000e0000000, 0x00000000eab00000, 0x00000000f5580000)
  object space 175104K, 0% used [0x00000000e0000000,0x00000000e0002000,0x00000000eab00000)
 Metaspace       used 15550K, capacity 15992K, committed 16256K, reserved 1062912K
  class space    used 2253K, capacity 2386K, committed 2432K, reserved 1048576K
Event: 51.242 GC heap after
Heap after GC invocations=2 (full 0):
 PSYoungGen      total 76288K, used 10243K [0x00000000f5580000, 0x00000000faa80000, 0x0000000100000000)
  eden space 65536K, 0% used [0x00000000f5580000,0x00000000f5580000,0x00000000f9580000)
  from space 10752K, 95% used [0x00000000fa000000,0x00000000faa00e70,0x00000000faa80000)
  to   space 10752K, 0% used [0x00000000f9580000,0x00000000f9580000,0x00000000fa000000)
 ParOldGen       total 175104K, used 24K [0x00000000e0000000, 0x00000000eab00000, 0x00000000f5580000)
  object space 175104K, 0% used [0x00000000e0000000,0x00000000e0006000,0x00000000eab00000)
 Metaspace       used 15550K, capacity 15992K, committed 16256K, reserved 1062912K
  class space    used 2253K, capacity 2386K, committed 2432K, reserved 1048576K
}
Event: 55.835 GC heap before
{Heap before GC invocations=3 (full 0):
 PSYoungGen      total 76288K, used 62097K [0x00000000f5580000, 0x00000000faa80000, 0x0000000100000000)
  eden space 65536K, 79% used [0x00000000f5580000,0x00000000f88235e8,0x00000000f9580000)
  from space 10752K, 95% used [0x00000000fa000000,0x00000000faa00e70,0x00000000faa80000)
  to   space 10752K, 0% used [0x00000000f9580000,0x00000000f9580000,0x00000000fa000000)
 ParOldGen       total 175104K, used 24K [0x00000000e0000000, 0x00000000eab00000, 0x00000000f5580000)
  object space 175104K, 0% used [0x00000000e0000000,0x00000000e0006000,0x00000000eab00000)
 Metaspace       used 20571K, capacity 21092K, committed 21296K, reserved 1067008K
  class space    used 3044K, capacity 3200K, committed 3200K, reserved 1048576K
Event: 55.930 GC heap after
Heap after GC invocations=3 (full 0):
 PSYoungGen      total 76288K, used 10731K [0x00000000f5580000, 0x00000000faa80000, 0x0000000100000000)
  eden space 65536K, 0% used [0x00000000f5580000,0x00000000f5580000,0x00000000f9580000)
  from space 10752K, 99% used [0x00000000f9580000,0x00000000f9ffaf80,0x00000000fa000000)
  to   space 10752K, 0% used [0x00000000fa000000,0x00000000fa000000,0x00000000faa80000)
 ParOldGen       total 175104K, used 846K [0x00000000e0000000, 0x00000000eab00000, 0x00000000f5580000)
  object space 175104K, 0% used [0x00000000e0000000,0x00000000e00d3ba8,0x00000000eab00000)
 Metaspace       used 20571K, capacity 21092K, committed 21296K, reserved 1067008K
  class space    used 3044K, capacity 3200K, committed 3200K, reserved 1048576K
}
Event: 55.930 GC heap before
{Heap before GC invocations=4 (full 1):
 PSYoungGen      total 76288K, used 10731K [0x00000000f5580000, 0x00000000faa80000, 0x0000000100000000)
  eden space 65536K, 0% used [0x00000000f5580000,0x00000000f5580000,0x00000000f9580000)
  from space 10752K, 99% used [0x00000000f9580000,0x00000000f9ffaf80,0x00000000fa000000)
  to   space 10752K, 0% used [0x00000000fa000000,0x00000000fa000000,0x00000000faa80000)
 ParOldGen       total 175104K, used 846K [0x00000000e0000000, 0x00000000eab00000, 0x00000000f5580000)
  object space 175104K, 0% used [0x00000000e0000000,0x00000000e00d3ba8,0x00000000eab00000)
 Metaspace       used 20571K, capacity 21092K, committed 21296K, reserved 1067008K
  class space    used 3044K, capacity 3200K, committed 3200K, reserved 1048576K
Event: 56.283 GC heap after
Heap after GC invocations=4 (full 1):
 PSYoungGen      total 76288K, used 0K [0x00000000f5580000, 0x00000000faa80000, 0x0000000100000000)
  eden space 65536K, 0% used [0x00000000f5580000,0x00000000f5580000,0x00000000f9580000)
  from space 10752K, 0% used [0x00000000f9580000,0x00000000f9580000,0x00000000fa000000)
  to   space 10752K, 0% used [0x00000000fa000000,0x00000000fa000000,0x00000000faa80000)
 ParOldGen       total 175104K, used 11155K [0x00000000e0000000, 0x00000000eab00000, 0x00000000f5580000)
  object space 175104K, 6% used [0x00000000e0000000,0x00000000e0ae4d20,0x00000000eab00000)
 Metaspace       used 20571K, capacity 21092K, committed 21296K, reserved 1067008K
  class space    used 3044K, capacity 3200K, committed 3200K, reserved 1048576K
}
Event: 67.344 GC heap before
{Heap before GC invocations=5 (full 1):
 PSYoungGen      total 76288K, used 65536K [0x00000000f5580000, 0x00000000faa80000, 0x0000000100000000)
  eden space 65536K, 100% used [0x00000000f5580000,0x00000000f9580000,0x00000000f9580000)
  from space 10752K, 0% used [0x00000000f9580000,0x00000000f9580000,0x00000000fa000000)
  to   space 10752K, 0% used [0x00000000fa000000,0x00000000fa000000,0x00000000faa80000)
 ParOldGen       total 175104K, used 11155K [0x00000000e0000000, 0x00000000eab00000, 0x00000000f5580000)
  object space 175104K, 6% used [0x00000000e0000000,0x00000000e0ae4d20,0x00000000eab00000)
 Metaspace       used 27383K, capacity 27918K, committed 28416K, reserved 1073152K
  class space    used 3836K, capacity 3979K, committed 4096K, reserved 1048576K
Event: 67.385 GC heap after
Heap after GC invocations=5 (full 1):
 PSYoungGen      total 76288K, used 7213K [0x00000000f5580000, 0x00000000fcc80000, 0x0000000100000000)
  eden space 65536K, 0% used [0x00000000f5580000,0x00000000f5580000,0x00000000f9580000)
  from space 10752K, 67% used [0x00000000fa000000,0x00000000fa70b408,0x00000000faa80000)
  to   space 10752K, 0% used [0x00000000f9580000,0x00000000f9580000,0x00000000fa000000)
 ParOldGen       total 175104K, used 11163K [0x00000000e0000000, 0x00000000eab00000, 0x00000000f5580000)
  object space 175104K, 6% used [0x00000000e0000000,0x00000000e0ae6d20,0x00000000eab00000)
 Metaspace       used 27383K, capacity 27918K, committed 28416K, reserved 1073152K
  class space    used 3836K, capacity 3979K, committed 4096K, reserved 1048576K
}

Deoptimization events (10 events):
Event: 65.036 Thread 0x0000000017442000 Uncommon trap: reason=unstable_if action=reinterpret pc=0x000000000385a5e8 method=java.util.HashMap.hash(Ljava/lang/Object;)I @ 1
Event: 65.090 Thread 0x0000000017442000 Uncommon trap: reason=unstable_if action=reinterpret pc=0x00000000038d6af0 method=java.util.LinkedHashMap.afterNodeInsertion(Z)V @ 1
Event: 67.885 Thread 0x0000000017442000 Uncommon trap: reason=unstable_if action=reinterpret pc=0x0000000003865738 method=java.util.HashMap.getNode(ILjava/lang/Object;)Ljava/util/HashMap$Node; @ 53
Event: 67.886 Thread 0x0000000017442000 Uncommon trap: reason=unstable_if action=reinterpret pc=0x000000000388beb0 method=java.util.HashMap.hash(Ljava/lang/Object;)I @ 1
Event: 67.886 Thread 0x0000000017442000 Uncommon trap: reason=unstable_if action=reinterpret pc=0x0000000003a67294 method=java.util.HashMap.putVal(ILjava/lang/Object;Ljava/lang/Object;ZZ)Ljava/lang/Object; @ 85
Event: 68.925 Thread 0x0000000017442000 Uncommon trap: reason=unstable_if action=reinterpret pc=0x0000000003e1a048 method=org.objectweb.asm.ByteVector.putShort(I)Lorg/objectweb/asm/ByteVector; @ 13
Event: 69.090 Thread 0x0000000017442000 Uncommon trap: reason=unstable_if action=reinterpret pc=0x0000000003e829c8 method=org.objectweb.asm.Type.appendDescriptor(Ljava/lang/Class;Ljava/lang/StringBuilder;)V @ 28
Event: 69.524 Thread 0x0000000017442000 Uncommon trap: reason=unstable_if action=reinterpret pc=0x0000000003e38e6c method=org.gradle.internal.reflect.PropertyAccessorType.isGetGetterName(Ljava/lang/String;)Z @ 14
Event: 69.842 Thread 0x0000000017442000 Uncommon trap: reason=unstable_if action=reinterpret pc=0x0000000003e486a0 method=java.util.WeakHashMap.put(Ljava/lang/Object;Ljava/lang/Object;)Ljava/lang/Object; @ 72
Event: 70.275 Thread 0x0000000017442000 Uncommon trap: reason=predicate action=maybe_recompile pc=0x0000000003aa5120 method=com.google.common.base.CharMatcher.indexIn(Ljava/lang/CharSequence;I)I @ 22

Classes redefined (0 events):
No events

Internal exceptions (10 events):
Event: 65.628 Thread 0x0000000017442000 Exception <a 'java/lang/ClassNotFoundException': org/gradle/api/internal/DefaultNamedDomainObjectListCustomizer> (0x00000000f81de578) thrown at [C:\re\workspace\8-2-build-windows-amd64-cygwin\jdk8u211\12973\hotspot\src\share\vm\classfile\systemDictionary.
Event: 65.632 Thread 0x0000000017442000 Exception <a 'java/lang/ClassNotFoundException': org/gradle/api/internal/artifacts/DefaultArtifactRepositoryContainerCustomizer> (0x00000000f824c3f8) thrown at [C:\re\workspace\8-2-build-windows-amd64-cygwin\jdk8u211\12973\hotspot\src\share\vm\classfile\s
Event: 65.637 Thread 0x0000000017442000 Exception <a 'java/lang/ClassNotFoundException': org/gradle/api/internal/artifacts/dsl/DefaultRepositoryHandlerCustomizer> (0x00000000f82ab370) thrown at [C:\re\workspace\8-2-build-windows-amd64-cygwin\jdk8u211\12973\hotspot\src\share\vm\classfile\systemD
Event: 65.748 Thread 0x0000000017442000 Exception <a 'java/lang/ClassNotFoundException': org/gradle/api/internal/artifacts/dsl/DefaultRepositoryHandler_DecoratedCustomizer> (0x00000000f8320658) thrown at [C:\re\workspace\8-2-build-windows-amd64-cygwin\jdk8u211\12973\hotspot\src\share\vm\classfi
Event: 66.478 Thread 0x0000000017442000 Exception <a 'java/lang/ClassNotFoundException': settings_wf1qulq888trt0ww84si7mk9BeanInfo> (0x00000000f8906c40) thrown at [C:\re\workspace\8-2-build-windows-amd64-cygwin\jdk8u211\12973\hotspot\src\share\vm\classfile\systemDictionary.cpp, line 210]
Event: 66.479 Thread 0x0000000017442000 Exception <a 'java/lang/ClassNotFoundException': settings_wf1qulq888trt0ww84si7mk9Customizer> (0x00000000f89129a0) thrown at [C:\re\workspace\8-2-build-windows-amd64-cygwin\jdk8u211\12973\hotspot\src\share\vm\classfile\systemDictionary.cpp, line 210]
Event: 66.493 Thread 0x0000000017442000 Exception <a 'java/lang/ClassNotFoundException': org/gradle/initialization/DefaultProjectDescriptorBeanInfo> (0x00000000f899a8a0) thrown at [C:\re\workspace\8-2-build-windows-amd64-cygwin\jdk8u211\12973\hotspot\src\share\vm\classfile\systemDictionary.cpp,
Event: 66.494 Thread 0x0000000017442000 Exception <a 'java/lang/ClassNotFoundException': org/gradle/initialization/DefaultProjectDescriptorCustomizer> (0x00000000f89c5888) thrown at [C:\re\workspace\8-2-build-windows-amd64-cygwin\jdk8u211\12973\hotspot\src\share\vm\classfile\systemDictionary.cp
Event: 67.886 Thread 0x0000000017442000 Implicit null exception at 0x000000000388be18 to 0x000000000388bea6
Event: 68.806 Thread 0x0000000017441000 Exception <a 'java/lang/NoSuchMethodError': <clinit>> (0x00000000f558dbd0) thrown at [C:\re\workspace\8-2-build-windows-amd64-cygwin\jdk8u211\12973\hotspot\src\share\vm\prims\jni.cpp, line 1614]

Events (10 events):
Event: 73.432 loading class org/gradle/api/internal/AbstractValidatingNamedDomainObjectContainer
Event: 73.432 loading class org/gradle/api/internal/AbstractValidatingNamedDomainObjectContainer done
Event: 73.439 loading class org/gradle/api/artifacts/UnknownConfigurationException
Event: 73.439 loading class org/gradle/api/artifacts/UnknownConfigurationException done
Event: 73.440 loading class org/gradle/api/internal/artifacts/configurations/ConfigurationInternal
Event: 73.440 loading class org/gradle/api/internal/artifacts/configurations/ConfigurationInternal done
Event: 73.467 loading class org/gradle/api/internal/artifacts/ivyservice/moduleconverter/DefaultRootComponentMetadataBuilder
Event: 73.467 loading class org/gradle/api/internal/artifacts/ivyservice/moduleconverter/DefaultRootComponentMetadataBuilder done
Event: 73.473 loading class org/gradle/api/internal/artifacts/ivyservice/moduleconverter/RootComponentMetadataBuilder
Event: 73.473 loading class org/gradle/api/internal/artifacts/ivyservice/moduleconverter/RootComponentMetadataBuilder done


Dynamic libraries:
0x00007ff67bbc0000 - 0x00007ff67bbf7000 	C:\Program Files\Java\jdk1.8.0_211\bin\java.exe
0x00007fff65f00000 - 0x00007fff660e1000 	C:\WINDOWS\SYSTEM32\ntdll.dll
0x00007fff63610000 - 0x00007fff636c1000 	C:\WINDOWS\System32\KERNEL32.DLL
0x00007fff625b0000 - 0x00007fff62823000 	C:\WINDOWS\System32\KERNELBASE.dll
0x00007fff63550000 - 0x00007fff635f1000 	C:\WINDOWS\System32\ADVAPI32.dll
0x00007fff65da0000 - 0x00007fff65e3e000 	C:\WINDOWS\System32\msvcrt.dll
0x00007fff63ea0000 - 0x00007fff63efb000 	C:\WINDOWS\System32\sechost.dll
0x00007fff63cd0000 - 0x00007fff63df4000 	C:\WINDOWS\System32\RPCRT4.dll
0x00007fff63390000 - 0x00007fff63520000 	C:\WINDOWS\System32\USER32.dll
0x00007fff62590000 - 0x00007fff625b0000 	C:\WINDOWS\System32\win32u.dll
0x00007fff65d70000 - 0x00007fff65d98000 	C:\WINDOWS\System32\GDI32.dll
0x00007fff63150000 - 0x00007fff632e1000 	C:\WINDOWS\System32\gdi32full.dll
0x00007fff632f0000 - 0x00007fff6338f000 	C:\WINDOWS\System32\msvcp_win.dll
0x00007fff62830000 - 0x00007fff62928000 	C:\WINDOWS\System32\ucrtbase.dll
0x00007fff534a0000 - 0x00007fff53709000 	C:\WINDOWS\WinSxS\amd64_microsoft.windows.common-controls_6595b64144ccf1df_6.0.17134.950_none_fb3da4273069d3e0\COMCTL32.dll
0x00007fff637e0000 - 0x00007fff63b02000 	C:\WINDOWS\System32\combase.dll
0x00007fff62320000 - 0x00007fff62399000 	C:\WINDOWS\System32\bcryptPrimitives.dll
0x00007fff63520000 - 0x00007fff6354d000 	C:\WINDOWS\System32\IMM32.DLL
0x000000005d1a0000 - 0x000000005d272000 	C:\Program Files\Java\jdk1.8.0_211\jre\bin\msvcr100.dll
0x000000005c8f0000 - 0x000000005d195000 	C:\Program Files\Java\jdk1.8.0_211\jre\bin\server\jvm.dll
0x00007fff63600000 - 0x00007fff63608000 	C:\WINDOWS\System32\PSAPI.DLL
0x00007fff60e10000 - 0x00007fff60e19000 	C:\WINDOWS\SYSTEM32\WSOCK32.dll
0x00007fff63c60000 - 0x00007fff63ccc000 	C:\WINDOWS\System32\WS2_32.dll
0x00007fff5b1f0000 - 0x00007fff5b213000 	C:\WINDOWS\SYSTEM32\WINMM.dll
0x00007fff52a70000 - 0x00007fff52a7a000 	C:\WINDOWS\SYSTEM32\VERSION.dll
0x00007fff5b1c0000 - 0x00007fff5b1ea000 	C:\WINDOWS\SYSTEM32\WINMMBASE.dll
0x00007fff622d0000 - 0x00007fff62319000 	C:\WINDOWS\System32\cfgmgr32.dll
0x00007fff5e990000 - 0x00007fff5e99f000 	C:\Program Files\Java\jdk1.8.0_211\jre\bin\verify.dll
0x00007fff5d7d0000 - 0x00007fff5d7f9000 	C:\Program Files\Java\jdk1.8.0_211\jre\bin\java.dll
0x00007fff5d100000 - 0x00007fff5d116000 	C:\Program Files\Java\jdk1.8.0_211\jre\bin\zip.dll
0x00007fff63f10000 - 0x00007fff65350000 	C:\WINDOWS\System32\SHELL32.dll
0x00007fff63730000 - 0x00007fff637d9000 	C:\WINDOWS\System32\shcore.dll
0x00007fff629e0000 - 0x00007fff630ed000 	C:\WINDOWS\System32\windows.storage.dll
0x00007fff636d0000 - 0x00007fff63721000 	C:\WINDOWS\System32\shlwapi.dll
0x00007fff62260000 - 0x00007fff62271000 	C:\WINDOWS\System32\kernel.appcore.dll
0x00007fff62280000 - 0x00007fff6229f000 	C:\WINDOWS\System32\profapi.dll
0x00007fff62210000 - 0x00007fff6225c000 	C:\WINDOWS\System32\powrprof.dll
0x00007fff622a0000 - 0x00007fff622aa000 	C:\WINDOWS\System32\FLTLIB.DLL
0x00007fff5d0e0000 - 0x00007fff5d0fa000 	C:\Program Files\Java\jdk1.8.0_211\jre\bin\net.dll
0x00007fff58390000 - 0x00007fff58559000 	C:\WINDOWS\SYSTEM32\urlmon.dll
0x00007fff58060000 - 0x00007fff58306000 	C:\WINDOWS\SYSTEM32\iertutil.dll
0x00007fff61c60000 - 0x00007fff61c6b000 	C:\WINDOWS\SYSTEM32\CRYPTBASE.DLL
0x00007fff61a90000 - 0x00007fff61af6000 	C:\WINDOWS\system32\mswsock.dll
0x00007fff5d0c0000 - 0x00007fff5d0d2000 	C:\Program Files\Java\jdk1.8.0_211\jre\bin\nio.dll
0x00007fff38a50000 - 0x00007fff38a76000 	C:\Users\user\.gradle\native\29\windows-amd64\native-platform.dll
0x00007fff5d320000 - 0x00007fff5d32d000 	C:\Program Files\Java\jdk1.8.0_211\jre\bin\management.dll
0x00007fff61c40000 - 0x00007fff61c57000 	C:\WINDOWS\SYSTEM32\CRYPTSP.dll
0x00007fff615e0000 - 0x00007fff61613000 	C:\WINDOWS\system32\rsaenh.dll
0x00007fff61d70000 - 0x00007fff61d95000 	C:\WINDOWS\SYSTEM32\bcrypt.dll
0x00007fff62140000 - 0x00007fff62168000 	C:\WINDOWS\SYSTEM32\USERENV.dll
0x00007fff617e0000 - 0x00007fff61818000 	C:\WINDOWS\SYSTEM32\IPHLPAPI.DLL
0x00007fff65e40000 - 0x00007fff65e48000 	C:\WINDOWS\System32\NSI.dll
0x00007fff58340000 - 0x00007fff58356000 	C:\WINDOWS\SYSTEM32\dhcpcsvc6.DLL
0x00007fff58560000 - 0x00007fff5857a000 	C:\WINDOWS\SYSTEM32\dhcpcsvc.DLL

VM Arguments:
jvm_args: -XX:MaxMetaspaceSize=256m -XX:+HeapDumpOnOutOfMemoryError -Xms256m -Xmx512m -Dfile.encoding=x-windows-949 -Duser.country=KR -Duser.language=ko -Duser.variant 
java_command: org.gradle.launcher.daemon.bootstrap.GradleDaemon 5.4.1
java_class_path (initial): C:\Users\user\.gradle\wrapper\dists\gradle-5.4.1-all\3221gyojl5jsh0helicew7rwx\gradle-5.4.1\lib\gradle-launcher-5.4.1.jar
Launcher Type: SUN_STANDARD

Environment Variables:
JAVA_HOME=C:\Program Files\Java\jdk1.8.0_211
CLASSPATH=C:\Program Files\Java\jdk1.8.0_211\lib\tools.jar
PATH=C:\Program Files\MySQL\MySQL Server 8.0\bin;C:\Users\user\node_modules\yarn\;C:\Program Files\Java\jdk1.8.0_211\bin;C:\Program Files\MongoDB\Server\4.0\bin;C:\ProgramData\Oracle\Java\javapath;C:\Program Files (x86)\Common Files\Oracle\Java\javapath;C:\Users\user\AppData\Local\Programs\Python\Python36-32\Scripts;C:\Java\jdk1.8.0_211\bin;C:\WINDOWS\system32;C:\WINDOWS;C:\WINDOWS\System32\Wbem;C:\WINDOWS\System32\WindowsPowerShell\v1.0\;C:\WINDOWS\System32\OpenSSH\;C:\Program Files (x86)\PuTTY\;C:\Program Files\nodejs\;C:\Program Files\Microsoft VS Code\bin;C:\Program Files\Java\jdk1.8.0_211;C:\Users\user\AppData\Local\Programs\Python\Python36\Scripts\;C:\Program Files\Intel\WiFi\bin\;C:\Program Files\Common Files\Intel\WirelessCommon\;C:\Users\user\AppData\Local\Microsoft\WindowsApps;C:\Program Files\Microsoft VS Code\bin;C:\Users\user\AppData\Local\GitHubDesktop\bin;C:\Users\user\AppData\Roaming\npm;C:\Users\user\node_modules\yarn;;C:\Program Files\JetBrains\IntelliJ IDEA 2019.3\bin;
USERNAME=user
OS=Windows_NT
PROCESSOR_IDENTIFIER=Intel64 Family 6 Model 61 Stepping 4, GenuineIntel



---------------  S Y S T E M  ---------------

OS: Windows 10.0 , 64 bit Build 17134 (10.0.17134.753)

CPU:total 4 (initial active 4) (2 cores per cpu, 2 threads per core) family 6 model 61 stepping 4, cmov, cx8, fxsr, mmx, sse, sse2, sse3, ssse3, sse4.1, sse4.2, popcnt, avx, avx2, aes, clmul, erms, 3dnowpref, lzcnt, ht, tsc, tscinvbit, bmi1, bmi2, adx

Memory: 4k page, physical 4097964k(375460k free), swap 16680876k(660k free)

vm_info: Java HotSpot(TM) 64-Bit Server VM (25.211-b12) for windows-amd64 JRE (1.8.0_211-b12), built on Apr  1 2019 20:53:26 by "java_re" with MS VC++ 10.0 (VS2010)

time: Thu Dec 05 14:40:46 2019
timezone: 대한민국 표준시
elapsed time: 73 seconds (0d 0h 1m 13s)

